<?xml version="1.0" encoding="UTF-8"?>
<testsuites>
  <testsuite name="" tests="170" assertions="418" errors="14" warnings="0" failures="2" skipped="0" time="22.777445">
    <testsuite name="default" tests="170" assertions="418" errors="14" warnings="0" failures="2" skipped="0" time="22.777445">
      <testsuite name="WpLicenseServer\Tests\AdminLicensesControllerTest" file="/var/www/html/wordpress/wp-content/plugins/wp-license-server/tests/php/AdminLicensesControllerTest.php" tests="6" assertions="33" errors="0" warnings="0" failures="0" skipped="0" time="1.269471">
        <testcase name="test_admin_rest_rejects_creating_second_owner" class="WpLicenseServer\Tests\AdminLicensesControllerTest" classname="WpLicenseServer.Tests.AdminLicensesControllerTest" file="/var/www/html/wordpress/wp-content/plugins/wp-license-server/tests/php/AdminLicensesControllerTest.php" line="183" assertions="3" time="0.190869"/>
        <testcase name="test_non_admin_cannot_create_license_via_rest" class="WpLicenseServer\Tests\AdminLicensesControllerTest" classname="WpLicenseServer.Tests.AdminLicensesControllerTest" file="/var/www/html/wordpress/wp-content/plugins/wp-license-server/tests/php/AdminLicensesControllerTest.php" line="90" assertions="1" time="0.194721"/>
        <testcase name="test_admin_can_deactivate_and_delete_via_rest" class="WpLicenseServer\Tests\AdminLicensesControllerTest" classname="WpLicenseServer.Tests.AdminLicensesControllerTest" file="/var/www/html/wordpress/wp-content/plugins/wp-license-server/tests/php/AdminLicensesControllerTest.php" line="107" assertions="6" time="0.165835"/>
        <testcase name="test_admin_rest_rejects_promoting_second_owner" class="WpLicenseServer\Tests\AdminLicensesControllerTest" classname="WpLicenseServer.Tests.AdminLicensesControllerTest" file="/var/www/html/wordpress/wp-content/plugins/wp-license-server/tests/php/AdminLicensesControllerTest.php" line="213" assertions="4" time="0.228842"/>
        <testcase name="test_admin_can_create_and_list_licenses_via_rest" class="WpLicenseServer\Tests\AdminLicensesControllerTest" classname="WpLicenseServer.Tests.AdminLicensesControllerTest" file="/var/www/html/wordpress/wp-content/plugins/wp-license-server/tests/php/AdminLicensesControllerTest.php" line="53" assertions="11" time="0.236074"/>
        <testcase name="test_admin_can_update_license_role_and_details_via_rest" class="WpLicenseServer\Tests\AdminLicensesControllerTest" classname="WpLicenseServer.Tests.AdminLicensesControllerTest" file="/var/www/html/wordpress/wp-content/plugins/wp-license-server/tests/php/AdminLicensesControllerTest.php" line="138" assertions="8" time="0.253131"/>
      </testsuite>
      <testsuite name="WpLicenseServer\Tests\AtomicActivationTest" file="/var/www/html/wordpress/wp-content/plugins/wp-license-server/tests/php/AtomicActivationTest.php" tests="7" assertions="31" errors="0" warnings="0" failures="0" skipped="0" time="1.620577">
        <testcase name="test_successful_activation_returns_correct_shape" class="WpLicenseServer\Tests\AtomicActivationTest" classname="WpLicenseServer.Tests.AtomicActivationTest" file="/var/www/html/wordpress/wp-content/plugins/wp-license-server/tests/php/AtomicActivationTest.php" line="163" assertions="5" time="0.194646"/>
        <testcase name="test_duplicate_domain_activation_returns_409" class="WpLicenseServer\Tests\AtomicActivationTest" classname="WpLicenseServer.Tests.AtomicActivationTest" file="/var/www/html/wordpress/wp-content/plugins/wp-license-server/tests/php/AtomicActivationTest.php" line="146" assertions="5" time="0.167522"/>
        <testcase name="test_deactivation_frees_seat_for_new_activation" class="WpLicenseServer\Tests\AtomicActivationTest" classname="WpLicenseServer.Tests.AtomicActivationTest" file="/var/www/html/wordpress/wp-content/plugins/wp-license-server/tests/php/AtomicActivationTest.php" line="198" assertions="4" time="0.187740"/>
        <testcase name="test_race_attempt_is_logged_to_activity_log" class="WpLicenseServer\Tests\AtomicActivationTest" classname="WpLicenseServer.Tests.AtomicActivationTest" file="/var/www/html/wordpress/wp-content/plugins/wp-license-server/tests/php/AtomicActivationTest.php" line="117" assertions="5" time="0.252856"/>
        <testcase name="test_activation_count_never_exceeds_max" class="WpLicenseServer\Tests\AtomicActivationTest" classname="WpLicenseServer.Tests.AtomicActivationTest" file="/var/www/html/wordpress/wp-content/plugins/wp-license-server/tests/php/AtomicActivationTest.php" line="92" assertions="2" time="0.371371"/>
        <testcase name="test_single_site_license_blocks_second_domain" class="WpLicenseServer\Tests\AtomicActivationTest" classname="WpLicenseServer.Tests.AtomicActivationTest" file="/var/www/html/wordpress/wp-content/plugins/wp-license-server/tests/php/AtomicActivationTest.php" line="182" assertions="4" time="0.202814"/>
        <testcase name="test_activation_limit_is_enforced_sequentially" class="WpLicenseServer\Tests\AtomicActivationTest" classname="WpLicenseServer.Tests.AtomicActivationTest" file="/var/www/html/wordpress/wp-content/plugins/wp-license-server/tests/php/AtomicActivationTest.php" line="76" assertions="6" time="0.243628"/>
      </testsuite>
      <testsuite name="WpLicenseServer\Tests\KeyRotationTest" file="/var/www/html/wordpress/wp-content/plugins/wp-license-server/tests/php/KeyRotationTest.php" tests="11" assertions="29" errors="0" warnings="0" failures="0" skipped="0" time="1.683419">
        <testcase name="test_hmac_with_new_key_succeeds_immediately" class="WpLicenseServer\Tests\KeyRotationTest" classname="WpLicenseServer.Tests.KeyRotationTest" file="/var/www/html/wordpress/wp-content/plugins/wp-license-server/tests/php/KeyRotationTest.php" line="118" assertions="2" time="0.209947"/>
        <testcase name="test_rotate_key_returns_new_key" class="WpLicenseServer\Tests\KeyRotationTest" classname="WpLicenseServer.Tests.KeyRotationTest" file="/var/www/html/wordpress/wp-content/plugins/wp-license-server/tests/php/KeyRotationTest.php" line="103" assertions="8" time="0.175814"/>
        <testcase name="test_old_key_is_invalid_after_transition_expires" class="WpLicenseServer\Tests\KeyRotationTest" classname="WpLicenseServer.Tests.KeyRotationTest" file="/var/www/html/wordpress/wp-content/plugins/wp-license-server/tests/php/KeyRotationTest.php" line="144" assertions="1" time="0.141470"/>
        <testcase name="test_rotation_allowed_after_previous_transition_expires" class="WpLicenseServer\Tests\KeyRotationTest" classname="WpLicenseServer.Tests.KeyRotationTest" file="/var/www/html/wordpress/wp-content/plugins/wp-license-server/tests/php/KeyRotationTest.php" line="207" assertions="3" time="0.142026"/>
        <testcase name="test_rotation_not_found_returns_wp_error" class="WpLicenseServer\Tests\KeyRotationTest" classname="WpLicenseServer.Tests.KeyRotationTest" file="/var/www/html/wordpress/wp-content/plugins/wp-license-server/tests/php/KeyRotationTest.php" line="231" assertions="2" time="0.138724"/>
        <testcase name="test_key_version_increments_with_each_rotation" class="WpLicenseServer\Tests\KeyRotationTest" classname="WpLicenseServer.Tests.KeyRotationTest" file="/var/www/html/wordpress/wp-content/plugins/wp-license-server/tests/php/KeyRotationTest.php" line="281" assertions="3" time="0.146389"/>
        <testcase name="test_rotation_blocked_while_in_progress" class="WpLicenseServer\Tests\KeyRotationTest" classname="WpLicenseServer.Tests.KeyRotationTest" file="/var/www/html/wordpress/wp-content/plugins/wp-license-server/tests/php/KeyRotationTest.php" line="196" assertions="3" time="0.140669"/>
        <testcase name="test_hmac_with_old_key_succeeds_during_transition" class="WpLicenseServer\Tests\KeyRotationTest" classname="WpLicenseServer.Tests.KeyRotationTest" file="/var/www/html/wordpress/wp-content/plugins/wp-license-server/tests/php/KeyRotationTest.php" line="129" assertions="2" time="0.169096"/>
        <testcase name="test_rotation_is_logged_to_activity" class="WpLicenseServer\Tests\KeyRotationTest" classname="WpLicenseServer.Tests.KeyRotationTest" file="/var/www/html/wordpress/wp-content/plugins/wp-license-server/tests/php/KeyRotationTest.php" line="238" assertions="2" time="0.140081"/>
        <testcase name="test_webhook_queued_on_rotation" class="WpLicenseServer\Tests\KeyRotationTest" classname="WpLicenseServer.Tests.KeyRotationTest" file="/var/www/html/wordpress/wp-content/plugins/wp-license-server/tests/php/KeyRotationTest.php" line="172" assertions="2" time="0.139166"/>
        <testcase name="test_cleanup_logs_rotation_completed" class="WpLicenseServer\Tests\KeyRotationTest" classname="WpLicenseServer.Tests.KeyRotationTest" file="/var/www/html/wordpress/wp-content/plugins/wp-license-server/tests/php/KeyRotationTest.php" line="255" assertions="1" time="0.140036"/>
      </testsuite>
      <testsuite name="WpLicenseServer\Tests\LicenseServiceTest" file="/var/www/html/wordpress/wp-content/plugins/wp-license-server/tests/php/LicenseServiceTest.php" tests="24" assertions="86" errors="1" warnings="0" failures="1" skipped="0" time="3.570525">
        <testcase name="test_create_rejects_second_owner_license" class="WpLicenseServer\Tests\LicenseServiceTest" classname="WpLicenseServer.Tests.LicenseServiceTest" file="/var/www/html/wordpress/wp-content/plugins/wp-license-server/tests/php/LicenseServiceTest.php" line="255" assertions="2" time="0.132213"/>
        <testcase name="test_update_changes_role_status_and_max_activations" class="WpLicenseServer\Tests\LicenseServiceTest" classname="WpLicenseServer.Tests.LicenseServiceTest" file="/var/www/html/wordpress/wp-content/plugins/wp-license-server/tests/php/LicenseServiceTest.php" line="215" assertions="8" time="0.133087"/>
        <testcase name="test_update_rejects_active_license_with_past_expiry" class="WpLicenseServer\Tests\LicenseServiceTest" classname="WpLicenseServer.Tests.LicenseServiceTest" file="/var/www/html/wordpress/wp-content/plugins/wp-license-server/tests/php/LicenseServiceTest.php" line="302" assertions="2" time="0.140282"/>
        <testcase name="test_activate_returns_activated_status" class="WpLicenseServer\Tests\LicenseServiceTest" classname="WpLicenseServer.Tests.LicenseServiceTest" file="/var/www/html/wordpress/wp-content/plugins/wp-license-server/tests/php/LicenseServiceTest.php" line="59" assertions="6" time="0.157282"/>
        <testcase name="test_update_rejects_invalid_role" class="WpLicenseServer\Tests\LicenseServiceTest" classname="WpLicenseServer.Tests.LicenseServiceTest" file="/var/www/html/wordpress/wp-content/plugins/wp-license-server/tests/php/LicenseServiceTest.php" line="241" assertions="2" time="0.132528"/>
        <testcase name="test_old_webhook_secret_rejected_after_transition_window" class="WpLicenseServer\Tests\LicenseServiceTest" classname="WpLicenseServer.Tests.LicenseServiceTest" file="/var/www/html/wordpress/wp-content/plugins/wp-license-server/tests/php/LicenseServiceTest.php" line="380" assertions="5" time="0.134673"/>
        <testcase name="test_update_rejects_promoting_second_owner_license" class="WpLicenseServer\Tests\LicenseServiceTest" classname="WpLicenseServer.Tests.LicenseServiceTest" file="/var/www/html/wordpress/wp-content/plugins/wp-license-server/tests/php/LicenseServiceTest.php" line="271" assertions="2" time="0.388527"/>
        <testcase name="test_old_webhook_secret_accepted_within_transition_window" class="WpLicenseServer\Tests\LicenseServiceTest" classname="WpLicenseServer.Tests.LicenseServiceTest" file="/var/www/html/wordpress/wp-content/plugins/wp-license-server/tests/php/LicenseServiceTest.php" line="354" assertions="8" time="0.130977"/>
        <testcase name="test_create_normalizes_date_only_expiry_to_end_of_day" class="WpLicenseServer\Tests\LicenseServiceTest" classname="WpLicenseServer.Tests.LicenseServiceTest" file="/var/www/html/wordpress/wp-content/plugins/wp-license-server/tests/php/LicenseServiceTest.php" line="469" assertions="2" time="0.151830"/>
        <testcase name="test_validate_updates_heartbeat_timestamp" class="WpLicenseServer\Tests\LicenseServiceTest" classname="WpLicenseServer.Tests.LicenseServiceTest" file="/var/www/html/wordpress/wp-content/plugins/wp-license-server/tests/php/LicenseServiceTest.php" line="113" assertions="6" time="0.140020"/>
        <testcase name="test_deactivate_sets_deactivated_at" class="WpLicenseServer\Tests\LicenseServiceTest" classname="WpLicenseServer.Tests.LicenseServiceTest" file="/var/www/html/wordpress/wp-content/plugins/wp-license-server/tests/php/LicenseServiceTest.php" line="191" assertions="2" time="0.135503"/>
        <testcase name="test_create_rejects_unsupported_payment_interval" class="WpLicenseServer\Tests\LicenseServiceTest" classname="WpLicenseServer.Tests.LicenseServiceTest" file="/var/www/html/wordpress/wp-content/plugins/wp-license-server/tests/php/LicenseServiceTest.php" line="317" assertions="2" time="0.130831"/>
        <testcase name="test_activate_allows_local_domain" class="WpLicenseServer\Tests\LicenseServiceTest" classname="WpLicenseServer.Tests.LicenseServiceTest" file="/var/www/html/wordpress/wp-content/plugins/wp-license-server/tests/php/LicenseServiceTest.php" line="96" assertions="1" time="0.135556">
          <error type="PHPUnit\Framework\Error\Warning">WpLicenseServer\Tests\LicenseServiceTest::test_activate_allows_local_domain
Attempt to read property "domain" on array

/var/www/html/wordpress/wp-content/plugins/wp-license-server/tests/php/LicenseServiceTest.php:102</error>
        </testcase>
        <testcase name="test_update_allows_existing_owner_to_keep_owner_role" class="WpLicenseServer\Tests\LicenseServiceTest" classname="WpLicenseServer.Tests.LicenseServiceTest" file="/var/www/html/wordpress/wp-content/plugins/wp-license-server/tests/php/LicenseServiceTest.php" line="286" assertions="3" time="0.135203"/>
        <testcase name="test_activate_at_limit_returns_wp_error" class="WpLicenseServer\Tests\LicenseServiceTest" classname="WpLicenseServer.Tests.LicenseServiceTest" file="/var/www/html/wordpress/wp-content/plugins/wp-license-server/tests/php/LicenseServiceTest.php" line="72" assertions="3" time="0.156499"/>
        <testcase name="test_activate_duplicate_domain_returns_wp_error" class="WpLicenseServer\Tests\LicenseServiceTest" classname="WpLicenseServer.Tests.LicenseServiceTest" file="/var/www/html/wordpress/wp-content/plugins/wp-license-server/tests/php/LicenseServiceTest.php" line="204" assertions="3" time="0.133446"/>
        <testcase name="test_webhook_secret_version_increments_on_each_heartbeat" class="WpLicenseServer\Tests\LicenseServiceTest" classname="WpLicenseServer.Tests.LicenseServiceTest" file="/var/www/html/wordpress/wp-content/plugins/wp-license-server/tests/php/LicenseServiceTest.php" line="453" assertions="3" time="0.134462"/>
        <testcase name="test_validate_expired_within_grace_returns_grace_data" class="WpLicenseServer\Tests\LicenseServiceTest" classname="WpLicenseServer.Tests.LicenseServiceTest" file="/var/www/html/wordpress/wp-content/plugins/wp-license-server/tests/php/LicenseServiceTest.php" line="136" assertions="8" time="0.134719"/>
        <testcase name="test_validate_backfills_missing_webhook_secret_for_legacy_activation" class="WpLicenseServer\Tests\LicenseServiceTest" classname="WpLicenseServer.Tests.LicenseServiceTest" file="/var/www/html/wordpress/wp-content/plugins/wp-license-server/tests/php/LicenseServiceTest.php" line="159" assertions="5" time="0.134955"/>
        <testcase name="test_stored_previous_webhook_secret_is_encrypted_in_db" class="WpLicenseServer\Tests\LicenseServiceTest" classname="WpLicenseServer.Tests.LicenseServiceTest" file="/var/www/html/wordpress/wp-content/plugins/wp-license-server/tests/php/LicenseServiceTest.php" line="424" assertions="5" time="0.136782"/>
        <testcase name="test_activate_allows_private_ip_domain" class="WpLicenseServer\Tests\LicenseServiceTest" classname="WpLicenseServer.Tests.LicenseServiceTest" file="/var/www/html/wordpress/wp-content/plugins/wp-license-server/tests/php/LicenseServiceTest.php" line="105" assertions="1" time="0.133721"/>
        <testcase name="test_validate_returns_new_secret_different_from_previous" class="WpLicenseServer\Tests\LicenseServiceTest" classname="WpLicenseServer.Tests.LicenseServiceTest" file="/var/www/html/wordpress/wp-content/plugins/wp-license-server/tests/php/LicenseServiceTest.php" line="337" assertions="3" time="0.141459"/>
        <testcase name="test_stored_webhook_secret_is_encrypted_in_db" class="WpLicenseServer\Tests\LicenseServiceTest" classname="WpLicenseServer.Tests.LicenseServiceTest" file="/var/www/html/wordpress/wp-content/plugins/wp-license-server/tests/php/LicenseServiceTest.php" line="402" assertions="3" time="0.146944"/>
        <testcase name="test_activate_expired_license_returns_wp_error" class="WpLicenseServer\Tests\LicenseServiceTest" classname="WpLicenseServer.Tests.LicenseServiceTest" file="/var/www/html/wordpress/wp-content/plugins/wp-license-server/tests/php/LicenseServiceTest.php" line="86" assertions="1" time="0.139027">
          <failure type="PHPUnit\Framework\ExpectationFailedException">WpLicenseServer\Tests\LicenseServiceTest::test_activate_expired_license_returns_wp_error
Failed asserting that Array (...) is an instance of class "WP_Error".

/var/www/html/wordpress/wp-content/plugins/wp-license-server/tests/php/LicenseServiceTest.php:92</failure>
        </testcase>
      </testsuite>
      <testsuite name="WpLicenseServer\Tests\LicenseSettingsServiceTest" file="/var/www/html/wordpress/wp-content/plugins/wp-license-server/tests/php/LicenseSettingsServiceTest.php" tests="6" assertions="25" errors="0" warnings="0" failures="0" skipped="0" time="0.870183">
        <testcase name="test_payload_masks_key_and_never_returns_full_key" class="WpLicenseServer\Tests\LicenseSettingsServiceTest" classname="WpLicenseServer.Tests.LicenseSettingsServiceTest" file="/var/www/html/wordpress/wp-content/plugins/wp-license-server/tests/php/LicenseSettingsServiceTest.php" line="62" assertions="10" time="0.140050"/>
        <testcase name="test_rest_settings_response_never_contains_full_key" class="WpLicenseServer\Tests\LicenseSettingsServiceTest" classname="WpLicenseServer.Tests.LicenseSettingsServiceTest" file="/var/www/html/wordpress/wp-content/plugins/wp-license-server/tests/php/LicenseSettingsServiceTest.php" line="122" assertions="8" time="0.149244"/>
        <testcase name="test_payload_returns_empty_masked_key_when_no_owner" class="WpLicenseServer\Tests\LicenseSettingsServiceTest" classname="WpLicenseServer.Tests.LicenseSettingsServiceTest" file="/var/www/html/wordpress/wp-content/plugins/wp-license-server/tests/php/LicenseSettingsServiceTest.php" line="55" assertions="2" time="0.138866"/>
        <testcase name="test_rest_settings_endpoint_requires_admin" class="WpLicenseServer\Tests\LicenseSettingsServiceTest" classname="WpLicenseServer.Tests.LicenseSettingsServiceTest" file="/var/www/html/wordpress/wp-content/plugins/wp-license-server/tests/php/LicenseSettingsServiceTest.php" line="113" assertions="1" time="0.146770"/>
        <testcase name="test_rest_settings_returns_empty_masked_key_when_no_owner" class="WpLicenseServer\Tests\LicenseSettingsServiceTest" classname="WpLicenseServer.Tests.LicenseSettingsServiceTest" file="/var/www/html/wordpress/wp-content/plugins/wp-license-server/tests/php/LicenseSettingsServiceTest.php" line="166" assertions="3" time="0.160002"/>
        <testcase name="test_get_decrypted_license_key_returns_null_when_no_owner" class="WpLicenseServer\Tests\LicenseSettingsServiceTest" classname="WpLicenseServer.Tests.LicenseSettingsServiceTest" file="/var/www/html/wordpress/wp-content/plugins/wp-license-server/tests/php/LicenseSettingsServiceTest.php" line="178" assertions="1" time="0.135250"/>
      </testsuite>
      <testsuite name="WpLicenseServer\Tests\LicenseStateMachineTest" file="/var/www/html/wordpress/wp-content/plugins/wp-license-server/tests/php/LicenseStateMachineTest.php" tests="7" assertions="5" errors="6" warnings="0" failures="0" skipped="0" time="0.001686">
        <testcase name="test_active_when_valid_until_is_in_the_future" class="WpLicenseServer\Tests\LicenseStateMachineTest" classname="WpLicenseServer.Tests.LicenseStateMachineTest" file="/var/www/html/wordpress/wp-content/plugins/wp-license-server/tests/php/LicenseStateMachineTest.php" line="43" assertions="0" time="0.000536">
          <error type="ArgumentCountError">WpLicenseServer\Tests\LicenseStateMachineTest::test_active_when_valid_until_is_in_the_future
ArgumentCountError: Too few arguments to function WpLicenseServer\Models\License::__construct(), 0 passed in /var/www/html/wordpress/wp-content/plugins/wp-license-server/tests/php/LicenseStateMachineTest.php on line 33 and exactly 19 expected

/var/www/html/wordpress/wp-content/plugins/wp-license-server/app/Models/License.php:14
/var/www/html/wordpress/wp-content/plugins/wp-license-server/tests/php/LicenseStateMachineTest.php:33
/var/www/html/wordpress/wp-content/plugins/wp-license-server/tests/php/LicenseStateMachineTest.php:44</error>
        </testcase>
        <testcase name="test_grace_when_past_valid_until_but_within_grace_days" class="WpLicenseServer\Tests\LicenseStateMachineTest" classname="WpLicenseServer.Tests.LicenseStateMachineTest" file="/var/www/html/wordpress/wp-content/plugins/wp-license-server/tests/php/LicenseStateMachineTest.php" line="55" assertions="0" time="0.000268">
          <error type="ArgumentCountError">WpLicenseServer\Tests\LicenseStateMachineTest::test_grace_when_past_valid_until_but_within_grace_days
ArgumentCountError: Too few arguments to function WpLicenseServer\Models\License::__construct(), 0 passed in /var/www/html/wordpress/wp-content/plugins/wp-license-server/tests/php/LicenseStateMachineTest.php on line 33 and exactly 19 expected

/var/www/html/wordpress/wp-content/plugins/wp-license-server/app/Models/License.php:14
/var/www/html/wordpress/wp-content/plugins/wp-license-server/tests/php/LicenseStateMachineTest.php:33
/var/www/html/wordpress/wp-content/plugins/wp-license-server/tests/php/LicenseStateMachineTest.php:57</error>
        </testcase>
        <testcase name="test_expired_when_past_grace_deadline" class="WpLicenseServer\Tests\LicenseStateMachineTest" classname="WpLicenseServer.Tests.LicenseStateMachineTest" file="/var/www/html/wordpress/wp-content/plugins/wp-license-server/tests/php/LicenseStateMachineTest.php" line="69" assertions="0" time="0.000196">
          <error type="ArgumentCountError">WpLicenseServer\Tests\LicenseStateMachineTest::test_expired_when_past_grace_deadline
ArgumentCountError: Too few arguments to function WpLicenseServer\Models\License::__construct(), 0 passed in /var/www/html/wordpress/wp-content/plugins/wp-license-server/tests/php/LicenseStateMachineTest.php on line 33 and exactly 19 expected

/var/www/html/wordpress/wp-content/plugins/wp-license-server/app/Models/License.php:14
/var/www/html/wordpress/wp-content/plugins/wp-license-server/tests/php/LicenseStateMachineTest.php:33
/var/www/html/wordpress/wp-content/plugins/wp-license-server/tests/php/LicenseStateMachineTest.php:71</error>
        </testcase>
        <testcase name="test_cancelled_regardless_of_future_valid_until" class="WpLicenseServer\Tests\LicenseStateMachineTest" classname="WpLicenseServer.Tests.LicenseStateMachineTest" file="/var/www/html/wordpress/wp-content/plugins/wp-license-server/tests/php/LicenseStateMachineTest.php" line="83" assertions="0" time="0.000178">
          <error type="ArgumentCountError">WpLicenseServer\Tests\LicenseStateMachineTest::test_cancelled_regardless_of_future_valid_until
ArgumentCountError: Too few arguments to function WpLicenseServer\Models\License::__construct(), 0 passed in /var/www/html/wordpress/wp-content/plugins/wp-license-server/tests/php/LicenseStateMachineTest.php on line 33 and exactly 19 expected

/var/www/html/wordpress/wp-content/plugins/wp-license-server/app/Models/License.php:14
/var/www/html/wordpress/wp-content/plugins/wp-license-server/tests/php/LicenseStateMachineTest.php:33
/var/www/html/wordpress/wp-content/plugins/wp-license-server/tests/php/LicenseStateMachineTest.php:84</error>
        </testcase>
        <testcase name="test_suspended_regardless_of_future_valid_until" class="WpLicenseServer\Tests\LicenseStateMachineTest" classname="WpLicenseServer.Tests.LicenseStateMachineTest" file="/var/www/html/wordpress/wp-content/plugins/wp-license-server/tests/php/LicenseStateMachineTest.php" line="95" assertions="0" time="0.000168">
          <error type="ArgumentCountError">WpLicenseServer\Tests\LicenseStateMachineTest::test_suspended_regardless_of_future_valid_until
ArgumentCountError: Too few arguments to function WpLicenseServer\Models\License::__construct(), 0 passed in /var/www/html/wordpress/wp-content/plugins/wp-license-server/tests/php/LicenseStateMachineTest.php on line 33 and exactly 19 expected

/var/www/html/wordpress/wp-content/plugins/wp-license-server/app/Models/License.php:14
/var/www/html/wordpress/wp-content/plugins/wp-license-server/tests/php/LicenseStateMachineTest.php:33
/var/www/html/wordpress/wp-content/plugins/wp-license-server/tests/php/LicenseStateMachineTest.php:96</error>
        </testcase>
        <testcase name="test_grace_deadline_is_valid_until_plus_grace_days" class="WpLicenseServer\Tests\LicenseStateMachineTest" classname="WpLicenseServer.Tests.LicenseStateMachineTest" file="/var/www/html/wordpress/wp-content/plugins/wp-license-server/tests/php/LicenseStateMachineTest.php" line="107" assertions="0" time="0.000171">
          <error type="ArgumentCountError">WpLicenseServer\Tests\LicenseStateMachineTest::test_grace_deadline_is_valid_until_plus_grace_days
ArgumentCountError: Too few arguments to function WpLicenseServer\Models\License::__construct(), 0 passed in /var/www/html/wordpress/wp-content/plugins/wp-license-server/tests/php/LicenseStateMachineTest.php on line 33 and exactly 19 expected

/var/www/html/wordpress/wp-content/plugins/wp-license-server/app/Models/License.php:14
/var/www/html/wordpress/wp-content/plugins/wp-license-server/tests/php/LicenseStateMachineTest.php:33
/var/www/html/wordpress/wp-content/plugins/wp-license-server/tests/php/LicenseStateMachineTest.php:108</error>
        </testcase>
        <testcase name="test_only_active_and_grace_are_usable" class="WpLicenseServer\Tests\LicenseStateMachineTest" classname="WpLicenseServer.Tests.LicenseStateMachineTest" file="/var/www/html/wordpress/wp-content/plugins/wp-license-server/tests/php/LicenseStateMachineTest.php" line="122" assertions="5" time="0.000170"/>
      </testsuite>
      <testsuite name="WpLicenseServer\Tests\LicenseTransitionTest" file="/var/www/html/wordpress/wp-content/plugins/wp-license-server/tests/php/LicenseTransitionTest.php" tests="21" assertions="40" errors="0" warnings="0" failures="0" skipped="0" time="4.124597">
        <testsuite name="WpLicenseServer\Tests\LicenseTransitionTest::test_allowed_transition_returns_true" tests="10" assertions="10" errors="0" warnings="0" failures="0" skipped="0" time="1.988806">
          <testcase name="test_allowed_transition_returns_true with data set &quot;suspended→active&quot;" class="WpLicenseServer\Tests\LicenseTransitionTest" classname="WpLicenseServer.Tests.LicenseTransitionTest" file="/var/www/html/wordpress/wp-content/plugins/wp-license-server/tests/php/LicenseTransitionTest.php" line="56" assertions="1" time="0.120791"/>
          <testcase name="test_allowed_transition_returns_true with data set &quot;active→expired&quot;" class="WpLicenseServer\Tests\LicenseTransitionTest" classname="WpLicenseServer.Tests.LicenseTransitionTest" file="/var/www/html/wordpress/wp-content/plugins/wp-license-server/tests/php/LicenseTransitionTest.php" line="56" assertions="1" time="0.133178"/>
          <testcase name="test_allowed_transition_returns_true with data set &quot;expired→active&quot;" class="WpLicenseServer\Tests\LicenseTransitionTest" classname="WpLicenseServer.Tests.LicenseTransitionTest" file="/var/www/html/wordpress/wp-content/plugins/wp-license-server/tests/php/LicenseTransitionTest.php" line="56" assertions="1" time="0.164730"/>
          <testcase name="test_allowed_transition_returns_true with data set &quot;expired→cancelled&quot;" class="WpLicenseServer\Tests\LicenseTransitionTest" classname="WpLicenseServer.Tests.LicenseTransitionTest" file="/var/www/html/wordpress/wp-content/plugins/wp-license-server/tests/php/LicenseTransitionTest.php" line="56" assertions="1" time="0.153999"/>
          <testcase name="test_allowed_transition_returns_true with data set &quot;pending→active&quot;" class="WpLicenseServer\Tests\LicenseTransitionTest" classname="WpLicenseServer.Tests.LicenseTransitionTest" file="/var/www/html/wordpress/wp-content/plugins/wp-license-server/tests/php/LicenseTransitionTest.php" line="56" assertions="1" time="0.184187"/>
          <testcase name="test_allowed_transition_returns_true with data set &quot;same status no-op&quot;" class="WpLicenseServer\Tests\LicenseTransitionTest" classname="WpLicenseServer.Tests.LicenseTransitionTest" file="/var/www/html/wordpress/wp-content/plugins/wp-license-server/tests/php/LicenseTransitionTest.php" line="56" assertions="1" time="0.218103"/>
          <testcase name="test_allowed_transition_returns_true with data set &quot;active→cancelled&quot;" class="WpLicenseServer\Tests\LicenseTransitionTest" classname="WpLicenseServer.Tests.LicenseTransitionTest" file="/var/www/html/wordpress/wp-content/plugins/wp-license-server/tests/php/LicenseTransitionTest.php" line="56" assertions="1" time="0.228244"/>
          <testcase name="test_allowed_transition_returns_true with data set &quot;suspended→cancelled&quot;" class="WpLicenseServer\Tests\LicenseTransitionTest" classname="WpLicenseServer.Tests.LicenseTransitionTest" file="/var/www/html/wordpress/wp-content/plugins/wp-license-server/tests/php/LicenseTransitionTest.php" line="56" assertions="1" time="0.228205"/>
          <testcase name="test_allowed_transition_returns_true with data set &quot;pending→cancelled&quot;" class="WpLicenseServer\Tests\LicenseTransitionTest" classname="WpLicenseServer.Tests.LicenseTransitionTest" file="/var/www/html/wordpress/wp-content/plugins/wp-license-server/tests/php/LicenseTransitionTest.php" line="56" assertions="1" time="0.261563"/>
          <testcase name="test_allowed_transition_returns_true with data set &quot;active→suspended&quot;" class="WpLicenseServer\Tests\LicenseTransitionTest" classname="WpLicenseServer.Tests.LicenseTransitionTest" file="/var/www/html/wordpress/wp-content/plugins/wp-license-server/tests/php/LicenseTransitionTest.php" line="56" assertions="1" time="0.295805"/>
        </testsuite>
        <testsuite name="WpLicenseServer\Tests\LicenseTransitionTest::test_blocked_transition_returns_wp_error" tests="7" assertions="21" errors="0" warnings="0" failures="0" skipped="0" time="1.558694">
          <testcase name="test_blocked_transition_returns_wp_error with data set &quot;cancelled→suspended&quot;" class="WpLicenseServer\Tests\LicenseTransitionTest" classname="WpLicenseServer.Tests.LicenseTransitionTest" file="/var/www/html/wordpress/wp-content/plugins/wp-license-server/tests/php/LicenseTransitionTest.php" line="78" assertions="3" time="0.179028"/>
          <testcase name="test_blocked_transition_returns_wp_error with data set &quot;cancelled→active&quot;" class="WpLicenseServer\Tests\LicenseTransitionTest" classname="WpLicenseServer.Tests.LicenseTransitionTest" file="/var/www/html/wordpress/wp-content/plugins/wp-license-server/tests/php/LicenseTransitionTest.php" line="78" assertions="3" time="0.197040"/>
          <testcase name="test_blocked_transition_returns_wp_error with data set &quot;cancelled→expired&quot;" class="WpLicenseServer\Tests\LicenseTransitionTest" classname="WpLicenseServer.Tests.LicenseTransitionTest" file="/var/www/html/wordpress/wp-content/plugins/wp-license-server/tests/php/LicenseTransitionTest.php" line="78" assertions="3" time="0.223505"/>
          <testcase name="test_blocked_transition_returns_wp_error with data set &quot;expired→suspended&quot;" class="WpLicenseServer\Tests\LicenseTransitionTest" classname="WpLicenseServer.Tests.LicenseTransitionTest" file="/var/www/html/wordpress/wp-content/plugins/wp-license-server/tests/php/LicenseTransitionTest.php" line="78" assertions="3" time="0.262340"/>
          <testcase name="test_blocked_transition_returns_wp_error with data set &quot;cancelled→pending&quot;" class="WpLicenseServer\Tests\LicenseTransitionTest" classname="WpLicenseServer.Tests.LicenseTransitionTest" file="/var/www/html/wordpress/wp-content/plugins/wp-license-server/tests/php/LicenseTransitionTest.php" line="78" assertions="3" time="0.288862"/>
          <testcase name="test_blocked_transition_returns_wp_error with data set &quot;expired→pending&quot;" class="WpLicenseServer\Tests\LicenseTransitionTest" classname="WpLicenseServer.Tests.LicenseTransitionTest" file="/var/www/html/wordpress/wp-content/plugins/wp-license-server/tests/php/LicenseTransitionTest.php" line="78" assertions="3" time="0.199761"/>
          <testcase name="test_blocked_transition_returns_wp_error with data set &quot;active→pending&quot;" class="WpLicenseServer\Tests\LicenseTransitionTest" classname="WpLicenseServer.Tests.LicenseTransitionTest" file="/var/www/html/wordpress/wp-content/plugins/wp-license-server/tests/php/LicenseTransitionTest.php" line="78" assertions="3" time="0.208157"/>
        </testsuite>
        <testcase name="test_cancelled_to_active_returns_422_via_service" class="WpLicenseServer\Tests\LicenseTransitionTest" classname="WpLicenseServer.Tests.LicenseTransitionTest" file="/var/www/html/wordpress/wp-content/plugins/wp-license-server/tests/php/LicenseTransitionTest.php" line="116" assertions="3" time="0.183141"/>
        <testcase name="test_active_to_expired_allowed_via_service" class="WpLicenseServer\Tests\LicenseTransitionTest" classname="WpLicenseServer.Tests.LicenseTransitionTest" file="/var/www/html/wordpress/wp-content/plugins/wp-license-server/tests/php/LicenseTransitionTest.php" line="103" assertions="2" time="0.125224"/>
        <testcase name="test_status_changed_activity_logged_on_transition" class="WpLicenseServer\Tests\LicenseTransitionTest" classname="WpLicenseServer.Tests.LicenseTransitionTest" file="/var/www/html/wordpress/wp-content/plugins/wp-license-server/tests/php/LicenseTransitionTest.php" line="135" assertions="3" time="0.144181"/>
        <testcase name="test_no_status_changed_log_when_status_unchanged" class="WpLicenseServer\Tests\LicenseTransitionTest" classname="WpLicenseServer.Tests.LicenseTransitionTest" file="/var/www/html/wordpress/wp-content/plugins/wp-license-server/tests/php/LicenseTransitionTest.php" line="162" assertions="1" time="0.124552"/>
      </testsuite>
      <testsuite name="WpLicenseServer\Tests\ReactivationTest" file="/var/www/html/wordpress/wp-content/plugins/wp-license-server/tests/php/ReactivationTest.php" tests="4" assertions="20" errors="0" warnings="0" failures="0" skipped="0" time="0.544893">
        <testcase name="test_duplicate_live_activation_still_returns_already_activated" class="WpLicenseServer\Tests\ReactivationTest" classname="WpLicenseServer.Tests.ReactivationTest" file="/var/www/html/wordpress/wp-content/plugins/wp-license-server/tests/php/ReactivationTest.php" line="155" assertions="5" time="0.132594"/>
        <testcase name="test_multiple_reactivation_cycles_on_same_domain" class="WpLicenseServer\Tests\ReactivationTest" classname="WpLicenseServer.Tests.ReactivationTest" file="/var/www/html/wordpress/wp-content/plugins/wp-license-server/tests/php/ReactivationTest.php" line="105" assertions="7" time="0.139462"/>
        <testcase name="test_same_domain_can_be_reactivated_after_deactivation" class="WpLicenseServer\Tests\ReactivationTest" classname="WpLicenseServer.Tests.ReactivationTest" file="/var/www/html/wordpress/wp-content/plugins/wp-license-server/tests/php/ReactivationTest.php" line="79" assertions="6" time="0.136941"/>
        <testcase name="test_reactivation_does_not_consume_extra_seat" class="WpLicenseServer\Tests\ReactivationTest" classname="WpLicenseServer.Tests.ReactivationTest" file="/var/www/html/wordpress/wp-content/plugins/wp-license-server/tests/php/ReactivationTest.php" line="129" assertions="2" time="0.135897"/>
      </testsuite>
      <testsuite name="WpLicenseServer\Tests\WebhookDeduplicationTest" file="/var/www/html/wordpress/wp-content/plugins/wp-license-server/tests/php/WebhookDeduplicationTest.php" tests="3" assertions="0" errors="3" warnings="0" failures="0" skipped="0" time="0.391598">
        <testcase name="test_queued_row_has_non_empty_event_id" class="WpLicenseServer\Tests\WebhookDeduplicationTest" classname="WpLicenseServer.Tests.WebhookDeduplicationTest" file="/var/www/html/wordpress/wp-content/plugins/wp-license-server/tests/php/WebhookDeduplicationTest.php" line="86" assertions="0" time="0.126951">
          <error type="TypeError">WpLicenseServer\Tests\WebhookDeduplicationTest::test_queued_row_has_non_empty_event_id
TypeError: WpLicenseServer\Services\WebhookService::__construct(): Argument #1 ($license_repo) must be of type WpLicenseServer\Contracts\LicenseRepositoryInterface, wpdb given, called in /var/www/html/wordpress/wp-content/plugins/wp-license-server/tests/php/WebhookDeduplicationTest.php on line 27

/var/www/html/wordpress/wp-content/plugins/wp-license-server/app/Services/WebhookService.php:21
/var/www/html/wordpress/wp-content/plugins/wp-license-server/tests/php/WebhookDeduplicationTest.php:27
/var/www/html/wordpress/wp-content/plugins/wp-license-server/vendor/yoast/phpunit-polyfills/src/TestCases/TestCasePHPUnitGte8.php:62</error>
        </testcase>
        <testcase name="test_duplicate_deterministic_event_inserts_once" class="WpLicenseServer\Tests\WebhookDeduplicationTest" classname="WpLicenseServer.Tests.WebhookDeduplicationTest" file="/var/www/html/wordpress/wp-content/plugins/wp-license-server/tests/php/WebhookDeduplicationTest.php" line="39" assertions="0" time="0.138869">
          <error type="TypeError">WpLicenseServer\Tests\WebhookDeduplicationTest::test_duplicate_deterministic_event_inserts_once
TypeError: WpLicenseServer\Services\WebhookService::__construct(): Argument #1 ($license_repo) must be of type WpLicenseServer\Contracts\LicenseRepositoryInterface, wpdb given, called in /var/www/html/wordpress/wp-content/plugins/wp-license-server/tests/php/WebhookDeduplicationTest.php on line 27

/var/www/html/wordpress/wp-content/plugins/wp-license-server/app/Services/WebhookService.php:21
/var/www/html/wordpress/wp-content/plugins/wp-license-server/tests/php/WebhookDeduplicationTest.php:27
/var/www/html/wordpress/wp-content/plugins/wp-license-server/vendor/yoast/phpunit-polyfills/src/TestCases/TestCasePHPUnitGte8.php:62</error>
        </testcase>
        <testcase name="test_different_event_types_produce_different_rows" class="WpLicenseServer\Tests\WebhookDeduplicationTest" classname="WpLicenseServer.Tests.WebhookDeduplicationTest" file="/var/www/html/wordpress/wp-content/plugins/wp-license-server/tests/php/WebhookDeduplicationTest.php" line="65" assertions="0" time="0.125777">
          <error type="TypeError">WpLicenseServer\Tests\WebhookDeduplicationTest::test_different_event_types_produce_different_rows
TypeError: WpLicenseServer\Services\WebhookService::__construct(): Argument #1 ($license_repo) must be of type WpLicenseServer\Contracts\LicenseRepositoryInterface, wpdb given, called in /var/www/html/wordpress/wp-content/plugins/wp-license-server/tests/php/WebhookDeduplicationTest.php on line 27

/var/www/html/wordpress/wp-content/plugins/wp-license-server/app/Services/WebhookService.php:21
/var/www/html/wordpress/wp-content/plugins/wp-license-server/tests/php/WebhookDeduplicationTest.php:27
/var/www/html/wordpress/wp-content/plugins/wp-license-server/vendor/yoast/phpunit-polyfills/src/TestCases/TestCasePHPUnitGte8.php:62</error>
        </testcase>
      </testsuite>
      <testsuite name="WpLicenseServer\Tests\WebhookDispatcherTest" file="/var/www/html/wordpress/wp-content/plugins/wp-license-server/tests/php/WebhookDispatcherTest.php" tests="4" assertions="0" errors="4" warnings="0" failures="0" skipped="0" time="0.559467">
        <testcase name="test_dispatch_pending_marks_job_sent_on_http_200" class="WpLicenseServer\Tests\WebhookDispatcherTest" classname="WpLicenseServer.Tests.WebhookDispatcherTest" file="/var/www/html/wordpress/wp-content/plugins/wp-license-server/tests/php/WebhookDispatcherTest.php" line="50" assertions="0" time="0.138173">
          <error type="PHPUnit\Framework\Error\Warning">WpLicenseServer\Tests\WebhookDispatcherTest::test_dispatch_pending_marks_job_sent_on_http_200
Undefined array key "event_id"

/var/www/html/wordpress/wp-content/plugins/wp-license-server/app/Repositories/WebhookQueueRepository.php:52
/var/www/html/wordpress/wp-content/plugins/wp-license-server/tests/php/WebhookDispatcherTest.php:260
/var/www/html/wordpress/wp-content/plugins/wp-license-server/tests/php/WebhookDispatcherTest.php:58</error>
        </testcase>
        <testcase name="test_dispatch_pending_scans_past_cooling_jobs_to_find_ready_work" class="WpLicenseServer\Tests\WebhookDispatcherTest" classname="WpLicenseServer.Tests.WebhookDispatcherTest" file="/var/www/html/wordpress/wp-content/plugins/wp-license-server/tests/php/WebhookDispatcherTest.php" line="194" assertions="0" time="0.135600">
          <error type="PHPUnit\Framework\Error\Warning">WpLicenseServer\Tests\WebhookDispatcherTest::test_dispatch_pending_scans_past_cooling_jobs_to_find_ready_work
Undefined array key "event_id"

/var/www/html/wordpress/wp-content/plugins/wp-license-server/app/Repositories/WebhookQueueRepository.php:52
/var/www/html/wordpress/wp-content/plugins/wp-license-server/tests/php/WebhookDispatcherTest.php:260
/var/www/html/wordpress/wp-content/plugins/wp-license-server/tests/php/WebhookDispatcherTest.php:206</error>
        </testcase>
        <testcase name="test_terminal_failure_marks_job_failed_and_emits_hook" class="WpLicenseServer\Tests\WebhookDispatcherTest" classname="WpLicenseServer.Tests.WebhookDispatcherTest" file="/var/www/html/wordpress/wp-content/plugins/wp-license-server/tests/php/WebhookDispatcherTest.php" line="141" assertions="0" time="0.142696">
          <error type="PHPUnit\Framework\Error\Warning">WpLicenseServer\Tests\WebhookDispatcherTest::test_terminal_failure_marks_job_failed_and_emits_hook
Undefined array key "event_id"

/var/www/html/wordpress/wp-content/plugins/wp-license-server/app/Repositories/WebhookQueueRepository.php:52
/var/www/html/wordpress/wp-content/plugins/wp-license-server/tests/php/WebhookDispatcherTest.php:260
/var/www/html/wordpress/wp-content/plugins/wp-license-server/tests/php/WebhookDispatcherTest.php:151</error>
        </testcase>
        <testcase name="test_dispatch_failure_increments_attempts_and_keeps_job_pending" class="WpLicenseServer\Tests\WebhookDispatcherTest" classname="WpLicenseServer.Tests.WebhookDispatcherTest" file="/var/www/html/wordpress/wp-content/plugins/wp-license-server/tests/php/WebhookDispatcherTest.php" line="113" assertions="0" time="0.142998">
          <error type="PHPUnit\Framework\Error\Warning">WpLicenseServer\Tests\WebhookDispatcherTest::test_dispatch_failure_increments_attempts_and_keeps_job_pending
Undefined array key "event_id"

/var/www/html/wordpress/wp-content/plugins/wp-license-server/app/Repositories/WebhookQueueRepository.php:52
/var/www/html/wordpress/wp-content/plugins/wp-license-server/tests/php/WebhookDispatcherTest.php:260
/var/www/html/wordpress/wp-content/plugins/wp-license-server/tests/php/WebhookDispatcherTest.php:121</error>
        </testcase>
      </testsuite>
      <testsuite name="WpLicenseServer\Tests\LicenseRepositoryTest" file="/var/www/html/wordpress/wp-content/plugins/wp-license-server/tests/php/LicenseRepositoryTest.php" tests="10" assertions="20" errors="0" warnings="0" failures="0" skipped="0" time="1.229372">
        <testcase name="test_find_by_id_returns_wp_error_on_corrupt_ciphertext" class="WpLicenseServer\Tests\LicenseRepositoryTest" classname="WpLicenseServer.Tests.LicenseRepositoryTest" file="/var/www/html/wordpress/wp-content/plugins/wp-license-server/tests/php/LicenseRepositoryTest.php" line="157" assertions="2" time="0.123812"/>
        <testcase name="test_find_by_key_prefix_returns_wp_error_on_corrupt_ciphertext" class="WpLicenseServer\Tests\LicenseRepositoryTest" classname="WpLicenseServer.Tests.LicenseRepositoryTest" file="/var/www/html/wordpress/wp-content/plugins/wp-license-server/tests/php/LicenseRepositoryTest.php" line="129" assertions="2" time="0.130620"/>
        <testcase name="test_find_all_filters_out_corrupt_rows" class="WpLicenseServer\Tests\LicenseRepositoryTest" classname="WpLicenseServer.Tests.LicenseRepositoryTest" file="/var/www/html/wordpress/wp-content/plugins/wp-license-server/tests/php/LicenseRepositoryTest.php" line="183" assertions="2" time="0.120950"/>
        <testcase name="test_create_generates_64_char_key" class="WpLicenseServer\Tests\LicenseRepositoryTest" classname="WpLicenseServer.Tests.LicenseRepositoryTest" file="/var/www/html/wordpress/wp-content/plugins/wp-license-server/tests/php/LicenseRepositoryTest.php" line="33" assertions="2" time="0.117752"/>
        <testcase name="test_create_sets_key_prefix_to_first_8_chars" class="WpLicenseServer\Tests\LicenseRepositoryTest" classname="WpLicenseServer.Tests.LicenseRepositoryTest" file="/var/www/html/wordpress/wp-content/plugins/wp-license-server/tests/php/LicenseRepositoryTest.php" line="45" assertions="2" time="0.117341"/>
        <testcase name="test_find_by_key_prefix_returns_correct_license" class="WpLicenseServer\Tests\LicenseRepositoryTest" classname="WpLicenseServer.Tests.LicenseRepositoryTest" file="/var/www/html/wordpress/wp-content/plugins/wp-license-server/tests/php/LicenseRepositoryTest.php" line="57" assertions="3" time="0.122118"/>
        <testcase name="test_find_by_key_prefix_returns_null_for_unknown" class="WpLicenseServer\Tests\LicenseRepositoryTest" classname="WpLicenseServer.Tests.LicenseRepositoryTest" file="/var/www/html/wordpress/wp-content/plugins/wp-license-server/tests/php/LicenseRepositoryTest.php" line="72" assertions="1" time="0.120085"/>
        <testcase name="test_find_all_returns_all_when_no_status_filter" class="WpLicenseServer\Tests\LicenseRepositoryTest" classname="WpLicenseServer.Tests.LicenseRepositoryTest" file="/var/www/html/wordpress/wp-content/plugins/wp-license-server/tests/php/LicenseRepositoryTest.php" line="77" assertions="1" time="0.118846"/>
        <testcase name="test_find_all_filters_by_status" class="WpLicenseServer\Tests\LicenseRepositoryTest" classname="WpLicenseServer.Tests.LicenseRepositoryTest" file="/var/www/html/wordpress/wp-content/plugins/wp-license-server/tests/php/LicenseRepositoryTest.php" line="95" assertions="2" time="0.138059"/>
        <testcase name="test_update_status_changes_status" class="WpLicenseServer\Tests\LicenseRepositoryTest" classname="WpLicenseServer.Tests.LicenseRepositoryTest" file="/var/www/html/wordpress/wp-content/plugins/wp-license-server/tests/php/LicenseRepositoryTest.php" line="112" assertions="3" time="0.119789"/>
      </testsuite>
      <testsuite name="WpLicenseServer\Tests\RateLimiterTest" file="/var/www/html/wordpress/wp-content/plugins/wp-license-server/tests/php/RateLimiterTest.php" tests="5" assertions="17" errors="0" warnings="0" failures="1" skipped="0" time="0.020507">
        <testcase name="test_record_invalid_key_fires_action_at_threshold" class="WpLicenseServer\Tests\RateLimiterTest" classname="WpLicenseServer.Tests.RateLimiterTest" file="/var/www/html/wordpress/wp-content/plugins/wp-license-server/tests/php/RateLimiterTest.php" line="63" assertions="2" time="0.009093">
          <failure type="PHPUnit\Framework\ExpectationFailedException">WpLicenseServer\Tests\RateLimiterTest::test_record_invalid_key_fires_action_at_threshold
Failed asserting that 51 is identical to 50.

/var/www/html/wordpress/wp-content/plugins/wp-license-server/tests/php/RateLimiterTest.php:77</failure>
        </testcase>
        <testcase name="test_allows_requests_within_ip_limit" class="WpLicenseServer\Tests\RateLimiterTest" classname="WpLicenseServer.Tests.RateLimiterTest" file="/var/www/html/wordpress/wp-content/plugins/wp-license-server/tests/php/RateLimiterTest.php" line="30" assertions="10" time="0.002532"/>
        <testcase name="test_blocks_request_after_ip_threshold" class="WpLicenseServer\Tests\RateLimiterTest" classname="WpLicenseServer.Tests.RateLimiterTest" file="/var/www/html/wordpress/wp-content/plugins/wp-license-server/tests/php/RateLimiterTest.php" line="37" assertions="2" time="0.002296"/>
        <testcase name="test_blocks_request_after_key_prefix_threshold" class="WpLicenseServer\Tests\RateLimiterTest" classname="WpLicenseServer.Tests.RateLimiterTest" file="/var/www/html/wordpress/wp-content/plugins/wp-license-server/tests/php/RateLimiterTest.php" line="49" assertions="2" time="0.004082"/>
        <testcase name="test_separate_endpoints_have_independent_limits" class="WpLicenseServer\Tests\RateLimiterTest" classname="WpLicenseServer.Tests.RateLimiterTest" file="/var/www/html/wordpress/wp-content/plugins/wp-license-server/tests/php/RateLimiterTest.php" line="80" assertions="1" time="0.002505"/>
      </testsuite>
      <testsuite name="WpLicenseServer\Tests\EncryptionServiceTest" file="/var/www/html/wordpress/wp-content/plugins/wp-license-server/tests/php/EncryptionServiceTest.php" tests="13" assertions="23" errors="0" warnings="0" failures="0" skipped="0" time="0.235831">
        <testcase name="test_round_trip_returns_original_plaintext" class="WpLicenseServer\Tests\EncryptionServiceTest" classname="WpLicenseServer.Tests.EncryptionServiceTest" file="/var/www/html/wordpress/wp-content/plugins/wp-license-server/tests/php/EncryptionServiceTest.php" line="28" assertions="1" time="0.000224"/>
        <testcase name="test_encrypted_value_differs_from_plaintext" class="WpLicenseServer\Tests\EncryptionServiceTest" classname="WpLicenseServer.Tests.EncryptionServiceTest" file="/var/www/html/wordpress/wp-content/plugins/wp-license-server/tests/php/EncryptionServiceTest.php" line="36" assertions="1" time="0.000195"/>
        <testcase name="test_same_plaintext_produces_different_ciphertexts" class="WpLicenseServer\Tests\EncryptionServiceTest" classname="WpLicenseServer.Tests.EncryptionServiceTest" file="/var/www/html/wordpress/wp-content/plugins/wp-license-server/tests/php/EncryptionServiceTest.php" line="43" assertions="3" time="0.000198"/>
        <testcase name="test_is_encrypted_returns_true_for_encrypted_value" class="WpLicenseServer\Tests\EncryptionServiceTest" classname="WpLicenseServer.Tests.EncryptionServiceTest" file="/var/www/html/wordpress/wp-content/plugins/wp-license-server/tests/php/EncryptionServiceTest.php" line="53" assertions="1" time="0.000178"/>
        <testcase name="test_is_encrypted_returns_false_for_plaintext_hex_key" class="WpLicenseServer\Tests\EncryptionServiceTest" classname="WpLicenseServer.Tests.EncryptionServiceTest" file="/var/www/html/wordpress/wp-content/plugins/wp-license-server/tests/php/EncryptionServiceTest.php" line="58" assertions="1" time="0.000174"/>
        <testcase name="test_is_encrypted_returns_false_for_short_string" class="WpLicenseServer\Tests\EncryptionServiceTest" classname="WpLicenseServer.Tests.EncryptionServiceTest" file="/var/www/html/wordpress/wp-content/plugins/wp-license-server/tests/php/EncryptionServiceTest.php" line="63" assertions="1" time="0.000170"/>
        <testcase name="test_is_encrypted_returns_false_for_empty_string" class="WpLicenseServer\Tests\EncryptionServiceTest" classname="WpLicenseServer.Tests.EncryptionServiceTest" file="/var/www/html/wordpress/wp-content/plugins/wp-license-server/tests/php/EncryptionServiceTest.php" line="67" assertions="1" time="0.000168"/>
        <testcase name="test_decrypt_rejects_tampered_ciphertext" class="WpLicenseServer\Tests\EncryptionServiceTest" classname="WpLicenseServer.Tests.EncryptionServiceTest" file="/var/www/html/wordpress/wp-content/plugins/wp-license-server/tests/php/EncryptionServiceTest.php" line="71" assertions="2" time="0.000378"/>
        <testcase name="test_decrypt_rejects_invalid_base64" class="WpLicenseServer\Tests\EncryptionServiceTest" classname="WpLicenseServer.Tests.EncryptionServiceTest" file="/var/www/html/wordpress/wp-content/plugins/wp-license-server/tests/php/EncryptionServiceTest.php" line="83" assertions="2" time="0.000186"/>
        <testcase name="test_decrypt_rejects_unknown_version" class="WpLicenseServer\Tests\EncryptionServiceTest" classname="WpLicenseServer.Tests.EncryptionServiceTest" file="/var/www/html/wordpress/wp-content/plugins/wp-license-server/tests/php/EncryptionServiceTest.php" line="89" assertions="2" time="0.000185"/>
        <testcase name="test_version_byte_is_0x01" class="WpLicenseServer\Tests\EncryptionServiceTest" classname="WpLicenseServer.Tests.EncryptionServiceTest" file="/var/www/html/wordpress/wp-content/plugins/wp-license-server/tests/php/EncryptionServiceTest.php" line="99" assertions="1" time="0.000184"/>
        <testcase name="test_license_key_stored_encrypted_in_database" class="WpLicenseServer\Tests\EncryptionServiceTest" classname="WpLicenseServer.Tests.EncryptionServiceTest" file="/var/www/html/wordpress/wp-content/plugins/wp-license-server/tests/php/EncryptionServiceTest.php" line="110" assertions="5" time="0.116928"/>
        <testcase name="test_migration_is_idempotent" class="WpLicenseServer\Tests\EncryptionServiceTest" classname="WpLicenseServer.Tests.EncryptionServiceTest" file="/var/www/html/wordpress/wp-content/plugins/wp-license-server/tests/php/EncryptionServiceTest.php" line="142" assertions="2" time="0.116663"/>
      </testsuite>
      <testsuite name="WpLicenseServer\Tests\FeatureGateTest" file="/var/www/html/wordpress/wp-content/plugins/wp-license-server/tests/php/FeatureGateTest.php" tests="10" assertions="17" errors="0" warnings="0" failures="0" skipped="0" time="1.812434">
        <testcase name="test_basic_tier_is_denied_native_chat" class="WpLicenseServer\Tests\FeatureGateTest" classname="WpLicenseServer.Tests.FeatureGateTest" file="/var/www/html/wordpress/wp-content/plugins/wp-license-server/tests/php/FeatureGateTest.php" line="61" assertions="1" time="0.121197"/>
        <testcase name="test_basic_tier_returns_403_status" class="WpLicenseServer\Tests\FeatureGateTest" classname="WpLicenseServer.Tests.FeatureGateTest" file="/var/www/html/wordpress/wp-content/plugins/wp-license-server/tests/php/FeatureGateTest.php" line="68" assertions="3" time="0.116169"/>
        <testcase name="test_403_message_contains_feature_name" class="WpLicenseServer\Tests\FeatureGateTest" classname="WpLicenseServer.Tests.FeatureGateTest" file="/var/www/html/wordpress/wp-content/plugins/wp-license-server/tests/php/FeatureGateTest.php" line="78" assertions="2" time="0.119160"/>
        <testcase name="test_403_message_contains_tier_name" class="WpLicenseServer\Tests\FeatureGateTest" classname="WpLicenseServer.Tests.FeatureGateTest" file="/var/www/html/wordpress/wp-content/plugins/wp-license-server/tests/php/FeatureGateTest.php" line="86" assertions="2" time="0.147123"/>
        <testcase name="test_403_error_code_is_feature_not_available" class="WpLicenseServer\Tests\FeatureGateTest" classname="WpLicenseServer.Tests.FeatureGateTest" file="/var/www/html/wordpress/wp-content/plugins/wp-license-server/tests/php/FeatureGateTest.php" line="94" assertions="2" time="0.200730"/>
        <testcase name="test_pro_tier_is_allowed_native_chat" class="WpLicenseServer\Tests\FeatureGateTest" classname="WpLicenseServer.Tests.FeatureGateTest" file="/var/www/html/wordpress/wp-content/plugins/wp-license-server/tests/php/FeatureGateTest.php" line="106" assertions="1" time="0.219990"/>
        <testcase name="test_agency_tier_is_allowed_native_chat" class="WpLicenseServer\Tests\FeatureGateTest" classname="WpLicenseServer.Tests.FeatureGateTest" file="/var/www/html/wordpress/wp-content/plugins/wp-license-server/tests/php/FeatureGateTest.php" line="113" assertions="1" time="0.237411"/>
        <testcase name="test_route_features_map_chat_routes_to_native_chat" class="WpLicenseServer\Tests\FeatureGateTest" classname="WpLicenseServer.Tests.FeatureGateTest" file="/var/www/html/wordpress/wp-content/plugins/wp-license-server/tests/php/FeatureGateTest.php" line="124" assertions="3" time="0.252877"/>
        <testcase name="test_basic_tier_does_not_include_native_chat_feature" class="WpLicenseServer\Tests\FeatureGateTest" classname="WpLicenseServer.Tests.FeatureGateTest" file="/var/www/html/wordpress/wp-content/plugins/wp-license-server/tests/php/FeatureGateTest.php" line="130" assertions="1" time="0.235439"/>
        <testcase name="test_pro_tier_includes_native_chat_feature" class="WpLicenseServer\Tests\FeatureGateTest" classname="WpLicenseServer.Tests.FeatureGateTest" file="/var/www/html/wordpress/wp-content/plugins/wp-license-server/tests/php/FeatureGateTest.php" line="135" assertions="1" time="0.162337"/>
      </testsuite>
      <testsuite name="WpLicenseServer\Tests\HmacVerifierTest" file="/var/www/html/wordpress/wp-content/plugins/wp-license-server/tests/php/HmacVerifierTest.php" tests="6" assertions="12" errors="0" warnings="0" failures="0" skipped="0" time="0.931894">
        <testcase name="test_valid_signature_passes_verification" class="WpLicenseServer\Tests\HmacVerifierTest" classname="WpLicenseServer.Tests.HmacVerifierTest" file="/var/www/html/wordpress/wp-content/plugins/wp-license-server/tests/php/HmacVerifierTest.php" line="70" assertions="2" time="0.180878"/>
        <testcase name="test_tampered_body_returns_wp_error" class="WpLicenseServer\Tests\HmacVerifierTest" classname="WpLicenseServer.Tests.HmacVerifierTest" file="/var/www/html/wordpress/wp-content/plugins/wp-license-server/tests/php/HmacVerifierTest.php" line="89" assertions="2" time="0.172725"/>
        <testcase name="test_expired_timestamp_returns_wp_error" class="WpLicenseServer\Tests\HmacVerifierTest" classname="WpLicenseServer.Tests.HmacVerifierTest" file="/var/www/html/wordpress/wp-content/plugins/wp-license-server/tests/php/HmacVerifierTest.php" line="112" assertions="2" time="0.176588"/>
        <testcase name="test_future_timestamp_beyond_skew_returns_wp_error" class="WpLicenseServer\Tests\HmacVerifierTest" classname="WpLicenseServer.Tests.HmacVerifierTest" file="/var/www/html/wordpress/wp-content/plugins/wp-license-server/tests/php/HmacVerifierTest.php" line="132" assertions="2" time="0.155264"/>
        <testcase name="test_missing_header_returns_wp_error" class="WpLicenseServer\Tests\HmacVerifierTest" classname="WpLicenseServer.Tests.HmacVerifierTest" file="/var/www/html/wordpress/wp-content/plugins/wp-license-server/tests/php/HmacVerifierTest.php" line="152" assertions="2" time="0.122936"/>
        <testcase name="test_unknown_key_prefix_returns_wp_error" class="WpLicenseServer\Tests\HmacVerifierTest" classname="WpLicenseServer.Tests.HmacVerifierTest" file="/var/www/html/wordpress/wp-content/plugins/wp-license-server/tests/php/HmacVerifierTest.php" line="162" assertions="2" time="0.123502"/>
      </testsuite>
      <testsuite name="WpLicenseServer\Tests\KeyDerivationTest" file="/var/www/html/wordpress/wp-content/plugins/wp-license-server/tests/php/KeyDerivationTest.php" tests="11" assertions="15" errors="0" warnings="0" failures="0" skipped="0" time="1.853262">
        <testcase name="test_derive_signing_key_is_deterministic" class="WpLicenseServer\Tests\KeyDerivationTest" classname="WpLicenseServer.Tests.KeyDerivationTest" file="/var/www/html/wordpress/wp-content/plugins/wp-license-server/tests/php/KeyDerivationTest.php" line="44" assertions="1" time="0.121772"/>
        <testcase name="test_derive_webhook_key_is_deterministic" class="WpLicenseServer\Tests\KeyDerivationTest" classname="WpLicenseServer.Tests.KeyDerivationTest" file="/var/www/html/wordpress/wp-content/plugins/wp-license-server/tests/php/KeyDerivationTest.php" line="54" assertions="1" time="0.121665"/>
        <testcase name="test_signing_key_differs_from_webhook_key" class="WpLicenseServer\Tests\KeyDerivationTest" classname="WpLicenseServer.Tests.KeyDerivationTest" file="/var/www/html/wordpress/wp-content/plugins/wp-license-server/tests/php/KeyDerivationTest.php" line="64" assertions="1" time="0.126083"/>
        <testcase name="test_derived_keys_differ_from_input" class="WpLicenseServer\Tests\KeyDerivationTest" classname="WpLicenseServer.Tests.KeyDerivationTest" file="/var/www/html/wordpress/wp-content/plugins/wp-license-server/tests/php/KeyDerivationTest.php" line="74" assertions="2" time="0.118724"/>
        <testcase name="test_different_inputs_produce_different_signing_keys" class="WpLicenseServer\Tests\KeyDerivationTest" classname="WpLicenseServer.Tests.KeyDerivationTest" file="/var/www/html/wordpress/wp-content/plugins/wp-license-server/tests/php/KeyDerivationTest.php" line="81" assertions="1" time="0.120758"/>
        <testcase name="test_derived_signing_key_is_32_bytes" class="WpLicenseServer\Tests\KeyDerivationTest" classname="WpLicenseServer.Tests.KeyDerivationTest" file="/var/www/html/wordpress/wp-content/plugins/wp-license-server/tests/php/KeyDerivationTest.php" line="91" assertions="1" time="0.159188"/>
        <testcase name="test_derived_webhook_key_is_32_bytes" class="WpLicenseServer\Tests\KeyDerivationTest" classname="WpLicenseServer.Tests.KeyDerivationTest" file="/var/www/html/wordpress/wp-content/plugins/wp-license-server/tests/php/KeyDerivationTest.php" line="96" assertions="1" time="0.202875"/>
        <testcase name="test_info_constants_are_distinct" class="WpLicenseServer\Tests\KeyDerivationTest" classname="WpLicenseServer.Tests.KeyDerivationTest" file="/var/www/html/wordpress/wp-content/plugins/wp-license-server/tests/php/KeyDerivationTest.php" line="101" assertions="1" time="0.243226"/>
        <testcase name="test_request_signed_with_raw_key_is_rejected" class="WpLicenseServer\Tests\KeyDerivationTest" classname="WpLicenseServer.Tests.KeyDerivationTest" file="/var/www/html/wordpress/wp-content/plugins/wp-license-server/tests/php/KeyDerivationTest.php" line="114" assertions="2" time="0.204509"/>
        <testcase name="test_request_signed_with_derived_key_is_accepted" class="WpLicenseServer\Tests\KeyDerivationTest" classname="WpLicenseServer.Tests.KeyDerivationTest" file="/var/www/html/wordpress/wp-content/plugins/wp-license-server/tests/php/KeyDerivationTest.php" line="149" assertions="2" time="0.210476"/>
        <testcase name="test_request_signed_with_webhook_key_is_rejected" class="WpLicenseServer\Tests\KeyDerivationTest" classname="WpLicenseServer.Tests.KeyDerivationTest" file="/var/www/html/wordpress/wp-content/plugins/wp-license-server/tests/php/KeyDerivationTest.php" line="184" assertions="2" time="0.223986"/>
      </testsuite>
      <testsuite name="WpLicenseServer\Tests\MigratorTest" file="/var/www/html/wordpress/wp-content/plugins/wp-license-server/tests/php/MigratorTest.php" tests="1" assertions="4" errors="0" warnings="0" failures="0" skipped="0" time="0.330335">
        <testcase name="test_maybe_upgrade_recreates_webhook_queue_when_db_version_is_old" class="WpLicenseServer\Tests\MigratorTest" classname="WpLicenseServer.Tests.MigratorTest" file="/var/www/html/wordpress/wp-content/plugins/wp-license-server/tests/php/MigratorTest.php" line="28" assertions="4" time="0.330335"/>
      </testsuite>
      <testsuite name="WpLicenseServer\Tests\NonceReplayTest" file="/var/www/html/wordpress/wp-content/plugins/wp-license-server/tests/php/NonceReplayTest.php" tests="5" assertions="7" errors="0" warnings="0" failures="0" skipped="0" time="0.645200">
        <testcase name="test_first_request_with_nonce_passes" class="WpLicenseServer\Tests\NonceReplayTest" classname="WpLicenseServer.Tests.NonceReplayTest" file="/var/www/html/wordpress/wp-content/plugins/wp-license-server/tests/php/NonceReplayTest.php" line="95" assertions="1" time="0.124128"/>
        <testcase name="test_replayed_nonce_returns_401" class="WpLicenseServer\Tests\NonceReplayTest" classname="WpLicenseServer.Tests.NonceReplayTest" file="/var/www/html/wordpress/wp-content/plugins/wp-license-server/tests/php/NonceReplayTest.php" line="106" assertions="3" time="0.124778"/>
        <testcase name="test_new_nonce_different_request_passes" class="WpLicenseServer\Tests\NonceReplayTest" classname="WpLicenseServer.Tests.NonceReplayTest" file="/var/www/html/wordpress/wp-content/plugins/wp-license-server/tests/php/NonceReplayTest.php" line="124" assertions="1" time="0.140506"/>
        <testcase name="test_missing_nonce_is_accepted_for_backward_compat" class="WpLicenseServer\Tests\NonceReplayTest" classname="WpLicenseServer.Tests.NonceReplayTest" file="/var/www/html/wordpress/wp-content/plugins/wp-license-server/tests/php/NonceReplayTest.php" line="140" assertions="1" time="0.132753"/>
        <testcase name="test_same_nonce_different_clients_no_collision" class="WpLicenseServer\Tests\NonceReplayTest" classname="WpLicenseServer.Tests.NonceReplayTest" file="/var/www/html/wordpress/wp-content/plugins/wp-license-server/tests/php/NonceReplayTest.php" line="151" assertions="1" time="0.123036"/>
      </testsuite>
      <testsuite name="WpLicenseServer\Tests\NotificationServiceTest" file="/var/www/html/wordpress/wp-content/plugins/wp-license-server/tests/php/NotificationServiceTest.php" tests="5" assertions="8" errors="0" warnings="0" failures="0" skipped="0" time="0.683354">
        <testcase name="test_on_new_activation_fires_action_hook" class="WpLicenseServer\Tests\NotificationServiceTest" classname="WpLicenseServer.Tests.NotificationServiceTest" file="/var/www/html/wordpress/wp-content/plugins/wp-license-server/tests/php/NotificationServiceTest.php" line="50" assertions="1" time="0.138015"/>
        <testcase name="test_on_new_activation_queues_new_activation_webhook" class="WpLicenseServer\Tests\NotificationServiceTest" classname="WpLicenseServer.Tests.NotificationServiceTest" file="/var/www/html/wordpress/wp-content/plugins/wp-license-server/tests/php/NotificationServiceTest.php" line="70" assertions="2" time="0.131488"/>
        <testcase name="test_on_new_activation_webhook_is_deterministic" class="WpLicenseServer\Tests\NotificationServiceTest" classname="WpLicenseServer.Tests.NotificationServiceTest" file="/var/www/html/wordpress/wp-content/plugins/wp-license-server/tests/php/NotificationServiceTest.php" line="88" assertions="1" time="0.134946">
          <system-out>&lt;div id="error"&gt;&lt;p class="wpdberror"&gt;&lt;strong&gt;WordPress database error:&lt;/strong&gt; [Duplicate entry &amp;#039;3897fddc54140b4d99c74803d812973ecf49b85891a148a94cfa4f84777f4bae&amp;#039; for key &amp;#039;unique_event_id&amp;#039;]&lt;br /&gt;&lt;code&gt;INSERT INTO `wptests_license_webhook_queue` (`license_id`, `domain`, `webhook_secret`, `event`, `event_id`, `payload`, `status`, `attempts`, `last_attempt`) VALUES (1, &amp;#039;test.example&amp;#039;, &amp;#039;3ae35a469015d89bb0bbaff25c154008&amp;#039;, &amp;#039;new_activation&amp;#039;, &amp;#039;3897fddc54140b4d99c74803d812973ecf49b85891a148a94cfa4f84777f4bae&amp;#039;, &amp;#039;{\&amp;quot;license_key_prefix\&amp;quot;:\&amp;quot;267f1851\&amp;quot;,\&amp;quot;data\&amp;quot;:{\&amp;quot;license_id\&amp;quot;:1,\&amp;quot;domain\&amp;quot;:\&amp;quot;test.example\&amp;quot;,\&amp;quot;ip_address\&amp;quot;:\&amp;quot;127.0.0.1\&amp;quot;,\&amp;quot;activation_id\&amp;quot;:\&amp;quot;1\&amp;quot;,\&amp;quot;activated_at\&amp;quot;:\&amp;quot;2026-04-15T18:39:07+00:00\&amp;quot;}}&amp;#039;, &amp;#039;pending&amp;#039;, 0, NULL)&lt;/code&gt;&lt;/p&gt;&lt;/div&gt;</system-out>
        </testcase>
        <testcase name="test_on_new_activation_payload_includes_ip_address" class="WpLicenseServer\Tests\NotificationServiceTest" classname="WpLicenseServer.Tests.NotificationServiceTest" file="/var/www/html/wordpress/wp-content/plugins/wp-license-server/tests/php/NotificationServiceTest.php" line="102" assertions="3" time="0.130269"/>
        <testcase name="test_on_new_activation_skips_email_when_owner_email_is_invalid" class="WpLicenseServer\Tests\NotificationServiceTest" classname="WpLicenseServer.Tests.NotificationServiceTest" file="/var/www/html/wordpress/wp-content/plugins/wp-license-server/tests/php/NotificationServiceTest.php" line="124" assertions="1" time="0.148635"/>
      </testsuite>
      <testsuite name="WpLicenseServer\Tests\PluginTest" file="/var/www/html/wordpress/wp-content/plugins/wp-license-server/tests/php/PluginTest.php" tests="1" assertions="3" errors="0" warnings="0" failures="0" skipped="0" time="0.000937">
        <testcase name="test_init_registers_hooks_without_admin_page_constructor_errors" class="WpLicenseServer\Tests\PluginTest" classname="WpLicenseServer.Tests.PluginTest" file="/var/www/html/wordpress/wp-content/plugins/wp-license-server/tests/php/PluginTest.php" line="21" assertions="3" time="0.000937"/>
      </testsuite>
      <testsuite name="WpLicenseServer\Tests\RateLimiterIpTest" file="/var/www/html/wordpress/wp-content/plugins/wp-license-server/tests/php/RateLimiterIpTest.php" tests="4" assertions="4" errors="0" warnings="0" failures="0" skipped="0" time="0.000757">
        <testcase name="test_xff_ignored_when_no_trusted_proxy_defined" class="WpLicenseServer\Tests\RateLimiterIpTest" classname="WpLicenseServer.Tests.RateLimiterIpTest" file="/var/www/html/wordpress/wp-content/plugins/wp-license-server/tests/php/RateLimiterIpTest.php" line="54" assertions="1" time="0.000229"/>
        <testcase name="test_last_xff_ip_used_when_remote_addr_is_trusted_proxy" class="WpLicenseServer\Tests\RateLimiterIpTest" classname="WpLicenseServer.Tests.RateLimiterIpTest" file="/var/www/html/wordpress/wp-content/plugins/wp-license-server/tests/php/RateLimiterIpTest.php" line="70" assertions="1" time="0.000202"/>
        <testcase name="test_invalid_xff_falls_back_to_remote_addr" class="WpLicenseServer\Tests\RateLimiterIpTest" classname="WpLicenseServer.Tests.RateLimiterIpTest" file="/var/www/html/wordpress/wp-content/plugins/wp-license-server/tests/php/RateLimiterIpTest.php" line="89" assertions="1" time="0.000169"/>
        <testcase name="test_xff_ignored_when_remote_addr_not_in_trusted_list" class="WpLicenseServer\Tests\RateLimiterIpTest" classname="WpLicenseServer.Tests.RateLimiterIpTest" file="/var/www/html/wordpress/wp-content/plugins/wp-license-server/tests/php/RateLimiterIpTest.php" line="107" assertions="1" time="0.000157"/>
      </testsuite>
      <testsuite name="WpLicenseServer\Tests\WebhookRetryScheduleTest" file="/var/www/html/wordpress/wp-content/plugins/wp-license-server/tests/php/WebhookRetryScheduleTest.php" tests="3" assertions="6" errors="0" warnings="0" failures="0" skipped="0" time="0.000588">
        <testcase name="test_first_attempt_is_ready_immediately" class="WpLicenseServer\Tests\WebhookRetryScheduleTest" classname="WpLicenseServer.Tests.WebhookRetryScheduleTest" file="/var/www/html/wordpress/wp-content/plugins/wp-license-server/tests/php/WebhookRetryScheduleTest.php" line="16" assertions="1" time="0.000200"/>
        <testcase name="test_second_attempt_waits_five_minutes" class="WpLicenseServer\Tests\WebhookRetryScheduleTest" classname="WpLicenseServer.Tests.WebhookRetryScheduleTest" file="/var/www/html/wordpress/wp-content/plugins/wp-license-server/tests/php/WebhookRetryScheduleTest.php" line="22" assertions="2" time="0.000198"/>
        <testcase name="test_fifth_failure_marks_job_failed" class="WpLicenseServer\Tests\WebhookRetryScheduleTest" classname="WpLicenseServer.Tests.WebhookRetryScheduleTest" file="/var/www/html/wordpress/wp-content/plugins/wp-license-server/tests/php/WebhookRetryScheduleTest.php" line="31" assertions="3" time="0.000190"/>
      </testsuite>
      <testsuite name="WpLicenseServer\Tests\WebhookServiceTest" file="/var/www/html/wordpress/wp-content/plugins/wp-license-server/tests/php/WebhookServiceTest.php" tests="3" assertions="13" errors="0" warnings="0" failures="0" skipped="0" time="0.396559">
        <testcase name="test_queue_event_creates_one_job_per_active_activation" class="WpLicenseServer\Tests\WebhookServiceTest" classname="WpLicenseServer.Tests.WebhookServiceTest" file="/var/www/html/wordpress/wp-content/plugins/wp-license-server/tests/php/WebhookServiceTest.php" line="46" assertions="8" time="0.132799"/>
        <testcase name="test_queue_event_skips_unknown_license" class="WpLicenseServer\Tests\WebhookServiceTest" classname="WpLicenseServer.Tests.WebhookServiceTest" file="/var/www/html/wordpress/wp-content/plugins/wp-license-server/tests/php/WebhookServiceTest.php" line="93" assertions="1" time="0.129277"/>
        <testcase name="test_queue_event_repairs_missing_webhook_secret_for_legacy_activation" class="WpLicenseServer\Tests\WebhookServiceTest" classname="WpLicenseServer.Tests.WebhookServiceTest" file="/var/www/html/wordpress/wp-content/plugins/wp-license-server/tests/php/WebhookServiceTest.php" line="99" assertions="4" time="0.134482"/>
      </testsuite>
    </testsuite>
  </testsuite>
</testsuites>
